{
  "RSpec": {
    "coverage": {
      "/Users/tjhasler-winter/Projects/group-projects/makersbnb_2017/spec/features/list_a_space_spec.rb": [
        1,
        1,
        1,
        1,
        1,
        1,
        1,
        1,
        1,
        1,
        1,
        null,
        1,
        1,
        null,
        null,
        null
      ],
      "/Users/tjhasler-winter/Projects/group-projects/makersbnb_2017/spec/features/signin_spec.rb": [

      ],
      "/Users/tjhasler-winter/Projects/group-projects/makersbnb_2017/spec/features/signup_spec.rb": [
        1,
        1,
        1,
        1,
        1,
        null,
        null,
        1,
        1,
        null,
        null,
        1,
        1,
        null,
        null,
        1,
        2,
        1,
        1,
        null,
        null,
        1,
        2,
        1,
        null,
        null,
        1,
        2,
        1,
        null,
        null,
        1,
        1,
        2,
        1,
        null,
        null
      ],
      "/Users/tjhasler-winter/Projects/group-projects/makersbnb_2017/spec/user_spec.rb": [
        1,
        1,
        2,
        null,
        1,
        1,
        1,
        null,
        null,
        null
      ]
    },
    "timestamp": 1497434328
  }
}
