{
  "RSpec": {
    "coverage": {
      "/Users/elmo/javascript/makersbnb_2017/spec/features/list_a_space_spec.rb": [
        1,
        1,
        1,
        1,
        1,
        1,
        1,
        1,
        1,
        1,
        1,
        null,
        1,
        1,
        null,
        null,
        null
      ],
      "/Users/elmo/javascript/makersbnb_2017/spec/features/list_multiple_spaces_spec.rb": [
        1,
        1,
        null,
        1,
        1,
        1,
        1,
        1,
        1,
        1,
        1,
        1,
        null,
        1,
        1,
        1,
        1,
        1,
        1,
        1,
        1,
        1,
        null,
        1,
        1,
        1,
        null,
        null,
        null,
        null,
        null,
        null
      ],
      "/Users/elmo/javascript/makersbnb_2017/spec/features/signup_spec.rb": [
        1,
        1,
        1,
        1,
        1,
        1,
        1,
        1,
        null,
        null,
        1,
        1,
        1,
        1,
        1,
        1,
        1,
        null,
        null
      ],
      "/Users/elmo/javascript/makersbnb_2017/spec/user_spec.rb": [
        1,
        1,
        2,
        null,
        1,
        1,
        1,
        null,
        null,
        null
      ]
    },
    "timestamp": 1497365009
  }
}
